nohup: ignoring input

---------- Starting -------- 0 min

The following have been reloaded with a version change:
  1) gcc/10.2.0 => gcc/5.4.0     2) python/3.9.7 => python/3.7.3

Building DAG of jobs...
Using shell: /usr/bin/bash
Provided cores: 24
Rules claiming more threads will be scaled down.
Job counts:
	count	jobs
	1	BackupSubjectRegistry
	1	FinalCleanup
	1	SyncMainRepo
	1	UploadGUDatasets
	4

[Wed Jun  1 08:17:38 2022]
rule SyncMainRepo:
    input: Status/JobCleaner_COMPLETE
    output: Status/SyncMainRepo_COMPLETE
    log: Logs/syncMainRepo.log
    jobid: 2
    threads: 10

aws s3 sync CJobs/ s3://hcibioinfo-patient-molecular-repo/Patients/ --quiet &> Logs/syncMainRepo.log; touch Status/SyncMainRepo_COMPLETE
[Wed Jun  1 15:23:50 2022]
Finished job 2.
1 of 4 steps (25%) done

[Wed Jun  1 15:23:50 2022]
rule UploadGUDatasets:
    input: Status/SyncMainRepo_COMPLETE
    output: Status/UploadGUDatasets_COMPLETE
    log: Logs/uploadGUDatasets.log
    jobid: 8
    threads: 10

rm -rf GU; mkdir GU; cd GU;for p in Neeraj_Agarwal Benjamin_Maughan Manish_Kohli Umang_Swami Sumati_Gupta Jennifer_Lloyd Julia_Batten Tenzin_Phunrab Lindsay_Maxwell Jared Thorley; do for x in $(ls ../CJobs/*/Caris/*/ClinicalReport/*_deid_$p.xml 2> /dev/null || true); do coreId=$(echo $x | cut -d'/' -f3); [ ! -L $coreId ] && ln -s ../CJobs/$coreId .; done; done;cd ../;d=$(date +'%m_%d_%Y');phiLinks=GU'_Caris_'$d'_PHI.txt';head -n 1 /uufs/chpc.utah.edu/common/PE/hci-bioinformatics1/PHI/Registry//currentRegistry_* > $phiLinks;for x in $(ls GU/); do grep $x /uufs/chpc.utah.edu/common/PE/hci-bioinformatics1/PHI/Registry//currentRegistry_* >> $phiLinks; done;n=$(cat $phiLinks | wc -l);if [[ $n -gt 1 ]]; then aws s3 sync GU/ s3://hcibioinfo-gu-patient-molecular-repo/Patients/ --quiet --follow-symlinks --profile GU; echo $n' new Caris patient datasets have been uploaded into s3://hcibioinfo-gu-patient-molecular-repo/Patients/ See and SAVE the attached file to associate coreIds with patient identifiers.' | mailx -r noreply.bioinfo@hci.utah.edu -a $phiLinks -s 'PHI - New Caris Datasets '$d david.nix@hci.utah.edu; fi; touch Status/UploadGUDatasets_COMPLETE

[Wed Jun  1 15:23:50 2022]
rule BackupSubjectRegistry:
    input: Status/SyncMainRepo_COMPLETE
    output: Status/BackupSubjectRegistry_COMPLETE
    log: Logs/backupSubjectRegistry.log
    jobid: 1
    threads: 10

rsync -rtq /uufs/chpc.utah.edu/common/PE/hci-bioinformatics1/PHI/Registry/ /uufs/chpc.utah.edu/common/PE/hci-bioinformatics1/Nix/PHI/RegistryBackupDontUse/ &> Logs/backupSubjectRegistry.log; touch Status/BackupSubjectRegistry_COMPLETE
[Wed Jun  1 15:23:50 2022]
Finished job 1.
2 of 4 steps (50%) done
[Thu Jun  2 04:07:11 2022]
Finished job 8.
3 of 4 steps (75%) done

[Thu Jun  2 04:07:11 2022]
rule FinalCleanup:
    input: Status/BackupSubjectRegistry_COMPLETE, Status/UploadGUDatasets_COMPLETE
    output: Status/All_COMPLETE
    log: Logs/finalCleanup.log
    jobid: 0

touch Status/All_COMPLETE &> Logs/finalCleanup.log
[Thu Jun  2 04:07:11 2022]
Finished job 0.
4 of 4 steps (100%) done
Complete log: /scratch/general/pe-nfs1/u0028003/Caris/Runs/CarisRun_05_25_2022_Merge/.snakemake/log/2022-06-01T081737.801152.snakemake.log

---------- Complete! -------- 1189 min total
